2023-08-07 20:23:52,848 [trainer.py] => config: ./exps/l2p.json
2023-08-07 20:23:52,848 [trainer.py] => prefix: reproduce
2023-08-07 20:23:52,848 [trainer.py] => dataset: cifar100
2023-08-07 20:23:52,848 [trainer.py] => memory_size: 2000
2023-08-07 20:23:52,848 [trainer.py] => memory_per_class: 20
2023-08-07 20:23:52,848 [trainer.py] => fixed_memory: False
2023-08-07 20:23:52,848 [trainer.py] => shuffle: True
2023-08-07 20:23:52,848 [trainer.py] => init_cls: 10
2023-08-07 20:23:52,848 [trainer.py] => increment: 10
2023-08-07 20:23:52,848 [trainer.py] => model_name: l2p
2023-08-07 20:23:52,848 [trainer.py] => convnet_type: resnet32
2023-08-07 20:23:52,848 [trainer.py] => device: [device(type='cuda', index=3)]
2023-08-07 20:23:52,848 [trainer.py] => seed: 1993
2023-08-07 20:23:53,783 [data_manager.py] => [68, 56, 78, 8, 23, 84, 90, 65, 74, 76, 40, 89, 3, 92, 55, 9, 26, 80, 43, 38, 58, 70, 77, 1, 85, 19, 17, 50, 28, 53, 13, 81, 45, 82, 6, 59, 83, 16, 15, 44, 91, 41, 72, 60, 79, 52, 20, 10, 31, 54, 37, 95, 14, 71, 96, 98, 97, 2, 64, 66, 42, 22, 35, 86, 24, 34, 87, 21, 99, 0, 88, 27, 18, 94, 11, 12, 47, 25, 30, 46, 62, 69, 36, 61, 7, 63, 75, 5, 32, 4, 51, 48, 73, 93, 39, 67, 29, 49, 57, 33]
2023-08-07 20:26:39,344 [trainer.py] => config: ./exps/l2p.json
2023-08-07 20:26:39,344 [trainer.py] => prefix: reproduce
2023-08-07 20:26:39,344 [trainer.py] => dataset: cifar100
2023-08-07 20:26:39,344 [trainer.py] => memory_size: 2000
2023-08-07 20:26:39,344 [trainer.py] => memory_per_class: 20
2023-08-07 20:26:39,344 [trainer.py] => fixed_memory: False
2023-08-07 20:26:39,344 [trainer.py] => shuffle: True
2023-08-07 20:26:39,344 [trainer.py] => init_cls: 10
2023-08-07 20:26:39,344 [trainer.py] => increment: 10
2023-08-07 20:26:39,344 [trainer.py] => model_name: l2p
2023-08-07 20:26:39,344 [trainer.py] => convnet_type: resnet32
2023-08-07 20:26:39,344 [trainer.py] => device: [device(type='cuda', index=3)]
2023-08-07 20:26:39,344 [trainer.py] => seed: 1993
2023-08-07 20:26:40,282 [data_manager.py] => [68, 56, 78, 8, 23, 84, 90, 65, 74, 76, 40, 89, 3, 92, 55, 9, 26, 80, 43, 38, 58, 70, 77, 1, 85, 19, 17, 50, 28, 53, 13, 81, 45, 82, 6, 59, 83, 16, 15, 44, 91, 41, 72, 60, 79, 52, 20, 10, 31, 54, 37, 95, 14, 71, 96, 98, 97, 2, 64, 66, 42, 22, 35, 86, 24, 34, 87, 21, 99, 0, 88, 27, 18, 94, 11, 12, 47, 25, 30, 46, 62, 69, 36, 61, 7, 63, 75, 5, 32, 4, 51, 48, 73, 93, 39, 67, 29, 49, 57, 33]
2023-08-07 20:27:28,701 [trainer.py] => config: ./exps/l2p.json
2023-08-07 20:27:28,701 [trainer.py] => prefix: reproduce
2023-08-07 20:27:28,701 [trainer.py] => dataset: cifar100
2023-08-07 20:27:28,701 [trainer.py] => memory_size: 2000
2023-08-07 20:27:28,701 [trainer.py] => memory_per_class: 20
2023-08-07 20:27:28,701 [trainer.py] => fixed_memory: False
2023-08-07 20:27:28,701 [trainer.py] => shuffle: True
2023-08-07 20:27:28,701 [trainer.py] => init_cls: 10
2023-08-07 20:27:28,701 [trainer.py] => increment: 10
2023-08-07 20:27:28,701 [trainer.py] => model_name: l2p
2023-08-07 20:27:28,701 [trainer.py] => convnet_type: resnet32
2023-08-07 20:27:28,701 [trainer.py] => device: [device(type='cuda', index=3)]
2023-08-07 20:27:28,701 [trainer.py] => seed: 1993
2023-08-07 20:27:29,639 [data_manager.py] => [68, 56, 78, 8, 23, 84, 90, 65, 74, 76, 40, 89, 3, 92, 55, 9, 26, 80, 43, 38, 58, 70, 77, 1, 85, 19, 17, 50, 28, 53, 13, 81, 45, 82, 6, 59, 83, 16, 15, 44, 91, 41, 72, 60, 79, 52, 20, 10, 31, 54, 37, 95, 14, 71, 96, 98, 97, 2, 64, 66, 42, 22, 35, 86, 24, 34, 87, 21, 99, 0, 88, 27, 18, 94, 11, 12, 47, 25, 30, 46, 62, 69, 36, 61, 7, 63, 75, 5, 32, 4, 51, 48, 73, 93, 39, 67, 29, 49, 57, 33]
2023-08-07 20:27:32,751 [trainer.py] => All params: 171751112
2023-08-07 20:27:32,752 [trainer.py] => Trainable params: 76900
2023-08-07 20:27:32,752 [l2p.py] => Learning on 0-10
2023-08-07 20:27:53,983 [trainer.py] => config: ./exps/l2p.json
2023-08-07 20:27:53,984 [trainer.py] => prefix: reproduce
2023-08-07 20:27:53,984 [trainer.py] => dataset: cifar100
2023-08-07 20:27:53,984 [trainer.py] => memory_size: 2000
2023-08-07 20:27:53,984 [trainer.py] => memory_per_class: 20
2023-08-07 20:27:53,984 [trainer.py] => fixed_memory: False
2023-08-07 20:27:53,984 [trainer.py] => shuffle: True
2023-08-07 20:27:53,984 [trainer.py] => init_cls: 10
2023-08-07 20:27:53,984 [trainer.py] => increment: 10
2023-08-07 20:27:53,984 [trainer.py] => model_name: l2p
2023-08-07 20:27:53,984 [trainer.py] => convnet_type: resnet32
2023-08-07 20:27:53,984 [trainer.py] => device: [device(type='cuda', index=3)]
2023-08-07 20:27:53,984 [trainer.py] => seed: 1993
2023-08-07 20:27:54,924 [data_manager.py] => [68, 56, 78, 8, 23, 84, 90, 65, 74, 76, 40, 89, 3, 92, 55, 9, 26, 80, 43, 38, 58, 70, 77, 1, 85, 19, 17, 50, 28, 53, 13, 81, 45, 82, 6, 59, 83, 16, 15, 44, 91, 41, 72, 60, 79, 52, 20, 10, 31, 54, 37, 95, 14, 71, 96, 98, 97, 2, 64, 66, 42, 22, 35, 86, 24, 34, 87, 21, 99, 0, 88, 27, 18, 94, 11, 12, 47, 25, 30, 46, 62, 69, 36, 61, 7, 63, 75, 5, 32, 4, 51, 48, 73, 93, 39, 67, 29, 49, 57, 33]
2023-08-07 20:27:58,199 [trainer.py] => All params: 171751112
2023-08-07 20:27:58,200 [trainer.py] => Trainable params: 76900
2023-08-07 20:27:58,200 [l2p.py] => Learning on 0-10
2023-08-07 20:28:17,947 [trainer.py] => config: ./exps/l2p.json
2023-08-07 20:28:17,947 [trainer.py] => prefix: reproduce
2023-08-07 20:28:17,947 [trainer.py] => dataset: cifar100
2023-08-07 20:28:17,947 [trainer.py] => memory_size: 2000
2023-08-07 20:28:17,947 [trainer.py] => memory_per_class: 20
2023-08-07 20:28:17,947 [trainer.py] => fixed_memory: False
2023-08-07 20:28:17,947 [trainer.py] => shuffle: True
2023-08-07 20:28:17,947 [trainer.py] => init_cls: 10
2023-08-07 20:28:17,948 [trainer.py] => increment: 10
2023-08-07 20:28:17,948 [trainer.py] => model_name: l2p
2023-08-07 20:28:17,948 [trainer.py] => convnet_type: resnet32
2023-08-07 20:28:17,948 [trainer.py] => device: [device(type='cuda', index=3)]
2023-08-07 20:28:17,948 [trainer.py] => seed: 1993
2023-08-07 20:28:18,885 [data_manager.py] => [68, 56, 78, 8, 23, 84, 90, 65, 74, 76, 40, 89, 3, 92, 55, 9, 26, 80, 43, 38, 58, 70, 77, 1, 85, 19, 17, 50, 28, 53, 13, 81, 45, 82, 6, 59, 83, 16, 15, 44, 91, 41, 72, 60, 79, 52, 20, 10, 31, 54, 37, 95, 14, 71, 96, 98, 97, 2, 64, 66, 42, 22, 35, 86, 24, 34, 87, 21, 99, 0, 88, 27, 18, 94, 11, 12, 47, 25, 30, 46, 62, 69, 36, 61, 7, 63, 75, 5, 32, 4, 51, 48, 73, 93, 39, 67, 29, 49, 57, 33]
2023-08-07 20:28:22,233 [trainer.py] => All params: 171751112
2023-08-07 20:28:22,234 [trainer.py] => Trainable params: 76900
2023-08-07 20:28:22,234 [l2p.py] => Learning on 0-10
2023-08-07 20:30:19,978 [trainer.py] => config: ./exps/l2p.json
2023-08-07 20:30:19,978 [trainer.py] => prefix: reproduce
2023-08-07 20:30:19,978 [trainer.py] => dataset: cifar100
2023-08-07 20:30:19,978 [trainer.py] => memory_size: 2000
2023-08-07 20:30:19,978 [trainer.py] => memory_per_class: 20
2023-08-07 20:30:19,978 [trainer.py] => fixed_memory: False
2023-08-07 20:30:19,978 [trainer.py] => shuffle: True
2023-08-07 20:30:19,978 [trainer.py] => init_cls: 10
2023-08-07 20:30:19,979 [trainer.py] => increment: 10
2023-08-07 20:30:19,979 [trainer.py] => model_name: l2p
2023-08-07 20:30:19,979 [trainer.py] => convnet_type: resnet32
2023-08-07 20:30:19,979 [trainer.py] => device: [device(type='cuda', index=3)]
2023-08-07 20:30:19,979 [trainer.py] => seed: 1993
2023-08-07 20:30:20,918 [data_manager.py] => [68, 56, 78, 8, 23, 84, 90, 65, 74, 76, 40, 89, 3, 92, 55, 9, 26, 80, 43, 38, 58, 70, 77, 1, 85, 19, 17, 50, 28, 53, 13, 81, 45, 82, 6, 59, 83, 16, 15, 44, 91, 41, 72, 60, 79, 52, 20, 10, 31, 54, 37, 95, 14, 71, 96, 98, 97, 2, 64, 66, 42, 22, 35, 86, 24, 34, 87, 21, 99, 0, 88, 27, 18, 94, 11, 12, 47, 25, 30, 46, 62, 69, 36, 61, 7, 63, 75, 5, 32, 4, 51, 48, 73, 93, 39, 67, 29, 49, 57, 33]
2023-08-07 20:30:24,281 [trainer.py] => All params: 171751112
2023-08-07 20:30:24,282 [trainer.py] => Trainable params: 76900
2023-08-07 20:30:24,282 [l2p.py] => Learning on 0-10
2023-08-07 20:34:12,939 [trainer.py] => config: ./exps/l2p.json
2023-08-07 20:34:12,939 [trainer.py] => prefix: reproduce
2023-08-07 20:34:12,939 [trainer.py] => dataset: cifar100
2023-08-07 20:34:12,939 [trainer.py] => memory_size: 2000
2023-08-07 20:34:12,939 [trainer.py] => memory_per_class: 20
2023-08-07 20:34:12,939 [trainer.py] => fixed_memory: False
2023-08-07 20:34:12,939 [trainer.py] => shuffle: True
2023-08-07 20:34:12,939 [trainer.py] => init_cls: 10
2023-08-07 20:34:12,939 [trainer.py] => increment: 10
2023-08-07 20:34:12,939 [trainer.py] => model_name: l2p
2023-08-07 20:34:12,940 [trainer.py] => convnet_type: resnet32
2023-08-07 20:34:12,940 [trainer.py] => device: [device(type='cuda', index=3)]
2023-08-07 20:34:12,940 [trainer.py] => seed: 1993
2023-08-07 20:34:13,883 [data_manager.py] => [68, 56, 78, 8, 23, 84, 90, 65, 74, 76, 40, 89, 3, 92, 55, 9, 26, 80, 43, 38, 58, 70, 77, 1, 85, 19, 17, 50, 28, 53, 13, 81, 45, 82, 6, 59, 83, 16, 15, 44, 91, 41, 72, 60, 79, 52, 20, 10, 31, 54, 37, 95, 14, 71, 96, 98, 97, 2, 64, 66, 42, 22, 35, 86, 24, 34, 87, 21, 99, 0, 88, 27, 18, 94, 11, 12, 47, 25, 30, 46, 62, 69, 36, 61, 7, 63, 75, 5, 32, 4, 51, 48, 73, 93, 39, 67, 29, 49, 57, 33]
2023-08-07 20:34:17,052 [trainer.py] => All params: 171751112
2023-08-07 20:34:17,053 [trainer.py] => Trainable params: 76900
2023-08-07 20:34:17,053 [l2p.py] => Learning on 0-10
2023-08-07 20:36:16,278 [trainer.py] => config: ./exps/l2p.json
2023-08-07 20:36:16,278 [trainer.py] => prefix: reproduce
2023-08-07 20:36:16,278 [trainer.py] => dataset: cifar100
2023-08-07 20:36:16,278 [trainer.py] => memory_size: 2000
2023-08-07 20:36:16,278 [trainer.py] => memory_per_class: 20
2023-08-07 20:36:16,278 [trainer.py] => fixed_memory: False
2023-08-07 20:36:16,278 [trainer.py] => shuffle: True
2023-08-07 20:36:16,278 [trainer.py] => init_cls: 10
2023-08-07 20:36:16,278 [trainer.py] => increment: 10
2023-08-07 20:36:16,279 [trainer.py] => model_name: l2p
2023-08-07 20:36:16,279 [trainer.py] => convnet_type: resnet32
2023-08-07 20:36:16,279 [trainer.py] => device: [device(type='cuda', index=3)]
2023-08-07 20:36:16,279 [trainer.py] => seed: 1993
2023-08-07 20:36:17,219 [data_manager.py] => [68, 56, 78, 8, 23, 84, 90, 65, 74, 76, 40, 89, 3, 92, 55, 9, 26, 80, 43, 38, 58, 70, 77, 1, 85, 19, 17, 50, 28, 53, 13, 81, 45, 82, 6, 59, 83, 16, 15, 44, 91, 41, 72, 60, 79, 52, 20, 10, 31, 54, 37, 95, 14, 71, 96, 98, 97, 2, 64, 66, 42, 22, 35, 86, 24, 34, 87, 21, 99, 0, 88, 27, 18, 94, 11, 12, 47, 25, 30, 46, 62, 69, 36, 61, 7, 63, 75, 5, 32, 4, 51, 48, 73, 93, 39, 67, 29, 49, 57, 33]
2023-08-07 20:36:20,541 [trainer.py] => All params: 171751112
2023-08-07 20:36:20,541 [trainer.py] => Trainable params: 76900
2023-08-07 20:36:20,541 [l2p.py] => Learning on 0-10
2023-08-07 20:38:03,795 [l2p.py] => Task 0, Epoch 3/3 => Loss 0.574, Train_accy 81.84
2023-08-07 20:38:11,394 [trainer.py] => No NME accuracy.
2023-08-07 20:38:11,395 [trainer.py] => CNN: {'total': 92.2, '00-09': 92.2, 'old': 0, 'new': 92.2}
2023-08-07 20:38:11,395 [trainer.py] => CNN top1 curve: [92.2]
2023-08-07 20:38:11,395 [trainer.py] => CNN top5 curve: [98.6]

2023-08-07 20:38:11,395 [trainer.py] => Average Accuracy (CNN): 92.2
2023-08-07 20:38:11,398 [trainer.py] => All params: 171751112
2023-08-07 20:38:11,400 [trainer.py] => Trainable params: 76900
2023-08-07 20:38:11,400 [l2p.py] => Learning on 10-20
2023-08-07 20:39:14,171 [trainer.py] => config: ./exps/l2p.json
2023-08-07 20:39:14,171 [trainer.py] => prefix: reproduce
2023-08-07 20:39:14,171 [trainer.py] => dataset: cifar100
2023-08-07 20:39:14,171 [trainer.py] => memory_size: 2000
2023-08-07 20:39:14,171 [trainer.py] => memory_per_class: 20
2023-08-07 20:39:14,171 [trainer.py] => fixed_memory: False
2023-08-07 20:39:14,171 [trainer.py] => shuffle: True
2023-08-07 20:39:14,171 [trainer.py] => init_cls: 10
2023-08-07 20:39:14,171 [trainer.py] => increment: 10
2023-08-07 20:39:14,171 [trainer.py] => model_name: l2p
2023-08-07 20:39:14,171 [trainer.py] => convnet_type: resnet32
2023-08-07 20:39:14,171 [trainer.py] => device: [device(type='cuda', index=3)]
2023-08-07 20:39:14,171 [trainer.py] => seed: 1993
2023-08-07 20:39:15,110 [data_manager.py] => [68, 56, 78, 8, 23, 84, 90, 65, 74, 76, 40, 89, 3, 92, 55, 9, 26, 80, 43, 38, 58, 70, 77, 1, 85, 19, 17, 50, 28, 53, 13, 81, 45, 82, 6, 59, 83, 16, 15, 44, 91, 41, 72, 60, 79, 52, 20, 10, 31, 54, 37, 95, 14, 71, 96, 98, 97, 2, 64, 66, 42, 22, 35, 86, 24, 34, 87, 21, 99, 0, 88, 27, 18, 94, 11, 12, 47, 25, 30, 46, 62, 69, 36, 61, 7, 63, 75, 5, 32, 4, 51, 48, 73, 93, 39, 67, 29, 49, 57, 33]
2023-08-07 20:39:18,282 [trainer.py] => All params: 171751112
2023-08-07 20:39:18,283 [trainer.py] => Trainable params: 76900
2023-08-07 20:39:18,283 [l2p.py] => Learning on 0-10
2023-08-07 20:41:10,385 [l2p.py] => Task 0, Epoch 3/3 => Loss 0.574, Train_accy 81.84
2023-08-07 20:41:18,246 [trainer.py] => No NME accuracy.
2023-08-07 20:41:18,247 [trainer.py] => CNN: {'total': 92.2, '00-09': 92.2, 'old': 0, 'new': 92.2}
2023-08-07 20:41:18,247 [trainer.py] => CNN top1 curve: [92.2]
2023-08-07 20:41:18,247 [trainer.py] => CNN top5 curve: [98.6]

2023-08-07 20:41:18,247 [trainer.py] => Average Accuracy (CNN): 92.2
2023-08-07 20:41:18,249 [trainer.py] => All params: 171751112
2023-08-07 20:41:18,252 [trainer.py] => Trainable params: 76900
2023-08-07 20:41:18,252 [l2p.py] => Learning on 10-20
2023-08-07 20:43:31,846 [l2p.py] => Task 1, Epoch 3/3 => Loss 0.750, Train_accy 75.52
2023-08-07 20:43:48,039 [trainer.py] => No NME accuracy.
2023-08-07 20:43:48,040 [trainer.py] => CNN: {'total': 85.15, '00-09': 88.5, '10-19': 81.8, 'old': 88.5, 'new': 81.8}
2023-08-07 20:43:48,040 [trainer.py] => CNN top1 curve: [92.2, 85.15]
2023-08-07 20:43:48,040 [trainer.py] => CNN top5 curve: [98.6, 97.7]

2023-08-07 20:43:48,040 [trainer.py] => Average Accuracy (CNN): 88.67500000000001
2023-08-07 20:43:48,043 [trainer.py] => All params: 171751112
2023-08-07 20:43:48,045 [trainer.py] => Trainable params: 76900
2023-08-07 20:43:48,045 [l2p.py] => Learning on 20-30
2023-08-07 20:46:13,911 [l2p.py] => Task 2, Epoch 3/3 => Loss 0.477, Train_accy 85.20
2023-08-07 20:46:38,353 [trainer.py] => No NME accuracy.
2023-08-07 20:46:38,353 [trainer.py] => CNN: {'total': 83.43, '00-09': 84.5, '10-19': 76.7, '20-29': 89.1, 'old': 80.6, 'new': 89.1}
2023-08-07 20:46:38,353 [trainer.py] => CNN top1 curve: [92.2, 85.15, 83.43]
2023-08-07 20:46:38,354 [trainer.py] => CNN top5 curve: [98.6, 97.7, 96.73]

2023-08-07 20:46:38,354 [trainer.py] => Average Accuracy (CNN): 86.92666666666668
2023-08-07 20:46:38,356 [trainer.py] => All params: 171751112
2023-08-07 20:46:38,358 [trainer.py] => Trainable params: 76900
2023-08-07 20:46:38,358 [l2p.py] => Learning on 30-40
2023-08-07 20:49:22,927 [l2p.py] => Task 3, Epoch 3/3 => Loss 0.581, Train_accy 81.06
2023-08-07 20:49:58,599 [trainer.py] => No NME accuracy.
2023-08-07 20:49:58,599 [trainer.py] => CNN: {'total': 79.25, '00-09': 81.9, '10-19': 73.9, '20-29': 86.2, '30-39': 75.0, 'old': 80.67, 'new': 75.0}
2023-08-07 20:49:58,599 [trainer.py] => CNN top1 curve: [92.2, 85.15, 83.43, 79.25]
2023-08-07 20:49:58,599 [trainer.py] => CNN top5 curve: [98.6, 97.7, 96.73, 95.32]

2023-08-07 20:49:58,599 [trainer.py] => Average Accuracy (CNN): 85.00750000000001
2023-08-07 20:49:58,602 [trainer.py] => All params: 171751112
2023-08-07 20:49:58,604 [trainer.py] => Trainable params: 76900
2023-08-07 20:49:58,604 [l2p.py] => Learning on 40-50
2023-08-07 20:51:09,496 [trainer.py] => config: ./exps/l2p.json
2023-08-07 20:51:09,496 [trainer.py] => prefix: reproduce
2023-08-07 20:51:09,496 [trainer.py] => dataset: cifar100
2023-08-07 20:51:09,496 [trainer.py] => memory_size: 2000
2023-08-07 20:51:09,496 [trainer.py] => memory_per_class: 20
2023-08-07 20:51:09,496 [trainer.py] => fixed_memory: False
2023-08-07 20:51:09,496 [trainer.py] => shuffle: True
2023-08-07 20:51:09,496 [trainer.py] => init_cls: 10
2023-08-07 20:51:09,496 [trainer.py] => increment: 10
2023-08-07 20:51:09,496 [trainer.py] => model_name: l2p
2023-08-07 20:51:09,496 [trainer.py] => convnet_type: resnet32
2023-08-07 20:51:09,496 [trainer.py] => device: [device(type='cuda', index=3)]
2023-08-07 20:51:09,496 [trainer.py] => seed: 1993
2023-08-07 20:51:10,443 [data_manager.py] => [68, 56, 78, 8, 23, 84, 90, 65, 74, 76, 40, 89, 3, 92, 55, 9, 26, 80, 43, 38, 58, 70, 77, 1, 85, 19, 17, 50, 28, 53, 13, 81, 45, 82, 6, 59, 83, 16, 15, 44, 91, 41, 72, 60, 79, 52, 20, 10, 31, 54, 37, 95, 14, 71, 96, 98, 97, 2, 64, 66, 42, 22, 35, 86, 24, 34, 87, 21, 99, 0, 88, 27, 18, 94, 11, 12, 47, 25, 30, 46, 62, 69, 36, 61, 7, 63, 75, 5, 32, 4, 51, 48, 73, 93, 39, 67, 29, 49, 57, 33]
2023-08-07 20:51:13,791 [trainer.py] => All params: 171751112
2023-08-07 20:51:13,792 [trainer.py] => Trainable params: 76900
2023-08-07 20:51:13,792 [l2p.py] => Learning on 0-10
2023-08-07 20:53:21,794 [l2p.py] => Task 0, Epoch 3/3 => Loss 0.000, Train_accy 81.84
2023-08-07 20:53:30,509 [trainer.py] => No NME accuracy.
2023-08-07 20:53:30,509 [trainer.py] => CNN: {'total': 92.2, '00-09': 92.2, 'old': 0, 'new': 92.2}
2023-08-07 20:53:30,509 [trainer.py] => CNN top1 curve: [92.2]
2023-08-07 20:53:30,510 [trainer.py] => CNN top5 curve: [98.6]

2023-08-07 20:53:30,510 [trainer.py] => Average Accuracy (CNN): 92.2
2023-08-07 20:53:30,511 [trainer.py] => All params: 171751112
2023-08-07 20:53:30,513 [trainer.py] => Trainable params: 76900
2023-08-07 20:53:30,513 [l2p.py] => Learning on 10-20
2023-08-07 20:56:03,886 [l2p.py] => Task 1, Epoch 3/3 => Loss 0.750, Train_accy 75.52
2023-08-07 20:56:22,571 [trainer.py] => No NME accuracy.
2023-08-07 20:56:22,571 [trainer.py] => CNN: {'total': 85.15, '00-09': 88.5, '10-19': 81.8, 'old': 88.5, 'new': 81.8}
2023-08-07 20:56:22,571 [trainer.py] => CNN top1 curve: [92.2, 85.15]
2023-08-07 20:56:22,571 [trainer.py] => CNN top5 curve: [98.6, 97.7]

2023-08-07 20:56:22,571 [trainer.py] => Average Accuracy (CNN): 88.67500000000001
2023-08-07 20:56:22,574 [trainer.py] => All params: 171751112
2023-08-07 20:56:22,576 [trainer.py] => Trainable params: 76900
2023-08-07 20:56:22,576 [l2p.py] => Learning on 20-30
2023-08-07 20:59:10,552 [l2p.py] => Task 2, Epoch 3/3 => Loss 0.477, Train_accy 85.20
2023-08-07 20:59:38,499 [trainer.py] => No NME accuracy.
2023-08-07 20:59:38,499 [trainer.py] => CNN: {'total': 83.43, '00-09': 84.5, '10-19': 76.7, '20-29': 89.1, 'old': 80.6, 'new': 89.1}
2023-08-07 20:59:38,500 [trainer.py] => CNN top1 curve: [92.2, 85.15, 83.43]
2023-08-07 20:59:38,500 [trainer.py] => CNN top5 curve: [98.6, 97.7, 96.73]

2023-08-07 20:59:38,500 [trainer.py] => Average Accuracy (CNN): 86.92666666666668
2023-08-07 20:59:38,502 [trainer.py] => All params: 171751112
2023-08-07 20:59:38,504 [trainer.py] => Trainable params: 76900
2023-08-07 20:59:38,505 [l2p.py] => Learning on 30-40
2023-08-07 21:00:41,715 [trainer.py] => config: ./exps/l2p.json
2023-08-07 21:00:41,715 [trainer.py] => prefix: reproduce
2023-08-07 21:00:41,715 [trainer.py] => dataset: cifar100
2023-08-07 21:00:41,715 [trainer.py] => memory_size: 2000
2023-08-07 21:00:41,715 [trainer.py] => memory_per_class: 20
2023-08-07 21:00:41,715 [trainer.py] => fixed_memory: False
2023-08-07 21:00:41,715 [trainer.py] => shuffle: True
2023-08-07 21:00:41,715 [trainer.py] => init_cls: 10
2023-08-07 21:00:41,715 [trainer.py] => increment: 10
2023-08-07 21:00:41,715 [trainer.py] => model_name: l2p
2023-08-07 21:00:41,715 [trainer.py] => convnet_type: resnet32
2023-08-07 21:00:41,716 [trainer.py] => device: [device(type='cuda', index=3)]
2023-08-07 21:00:41,716 [trainer.py] => seed: 1993
2023-08-07 21:00:42,657 [data_manager.py] => [68, 56, 78, 8, 23, 84, 90, 65, 74, 76, 40, 89, 3, 92, 55, 9, 26, 80, 43, 38, 58, 70, 77, 1, 85, 19, 17, 50, 28, 53, 13, 81, 45, 82, 6, 59, 83, 16, 15, 44, 91, 41, 72, 60, 79, 52, 20, 10, 31, 54, 37, 95, 14, 71, 96, 98, 97, 2, 64, 66, 42, 22, 35, 86, 24, 34, 87, 21, 99, 0, 88, 27, 18, 94, 11, 12, 47, 25, 30, 46, 62, 69, 36, 61, 7, 63, 75, 5, 32, 4, 51, 48, 73, 93, 39, 67, 29, 49, 57, 33]
2023-08-07 21:00:46,085 [trainer.py] => All params: 171751112
2023-08-07 21:00:46,086 [trainer.py] => Trainable params: 76900
2023-08-07 21:00:46,086 [l2p.py] => Learning on 0-10
2023-08-07 21:03:06,594 [l2p.py] => Task 0, Epoch 3/3 => Loss 0.000, Train_accy 81.84
2023-08-07 21:03:15,704 [trainer.py] => No NME accuracy.
2023-08-07 21:03:15,705 [trainer.py] => CNN: {'total': 92.2, '00-09': 92.2, 'old': 0, 'new': 92.2}
2023-08-07 21:03:15,705 [trainer.py] => CNN top1 curve: [92.2]
2023-08-07 21:03:15,705 [trainer.py] => CNN top5 curve: [98.6]

2023-08-07 21:03:15,705 [trainer.py] => Average Accuracy (CNN): 92.2
2023-08-07 21:03:15,708 [trainer.py] => All params: 171751112
2023-08-07 21:03:15,710 [trainer.py] => Trainable params: 76900
2023-08-07 21:03:15,710 [l2p.py] => Learning on 10-20
2023-08-07 21:05:46,925 [l2p.py] => Task 1, Epoch 3/3 => Loss 0.750, Train_accy 75.52
2023-08-07 21:06:05,256 [trainer.py] => No NME accuracy.
2023-08-07 21:06:05,256 [trainer.py] => CNN: {'total': 85.15, '00-09': 88.5, '10-19': 81.8, 'old': 88.5, 'new': 81.8}
2023-08-07 21:06:05,256 [trainer.py] => CNN top1 curve: [92.2, 85.15]
2023-08-07 21:06:05,256 [trainer.py] => CNN top5 curve: [98.6, 97.7]

2023-08-07 21:06:05,257 [trainer.py] => Average Accuracy (CNN): 88.67500000000001
2023-08-07 21:06:05,258 [trainer.py] => All params: 171751112
2023-08-07 21:06:05,260 [trainer.py] => Trainable params: 76900
2023-08-07 21:06:05,260 [l2p.py] => Learning on 20-30
2023-08-07 21:08:50,119 [l2p.py] => Task 2, Epoch 3/3 => Loss 0.477, Train_accy 85.20
2023-08-07 21:09:17,736 [trainer.py] => No NME accuracy.
2023-08-07 21:09:17,736 [trainer.py] => CNN: {'total': 83.43, '00-09': 84.5, '10-19': 76.7, '20-29': 89.1, 'old': 80.6, 'new': 89.1}
2023-08-07 21:09:17,736 [trainer.py] => CNN top1 curve: [92.2, 85.15, 83.43]
2023-08-07 21:09:17,736 [trainer.py] => CNN top5 curve: [98.6, 97.7, 96.73]

2023-08-07 21:09:17,737 [trainer.py] => Average Accuracy (CNN): 86.92666666666668
2023-08-07 21:09:17,739 [trainer.py] => All params: 171751112
2023-08-07 21:09:17,741 [trainer.py] => Trainable params: 76900
2023-08-07 21:09:17,741 [l2p.py] => Learning on 30-40
2023-08-07 21:12:10,486 [l2p.py] => Task 3, Epoch 3/3 => Loss 0.581, Train_accy 81.06
2023-08-07 21:12:47,509 [trainer.py] => No NME accuracy.
2023-08-07 21:12:47,509 [trainer.py] => CNN: {'total': 79.25, '00-09': 81.9, '10-19': 73.9, '20-29': 86.2, '30-39': 75.0, 'old': 80.67, 'new': 75.0}
2023-08-07 21:12:47,509 [trainer.py] => CNN top1 curve: [92.2, 85.15, 83.43, 79.25]
2023-08-07 21:12:47,510 [trainer.py] => CNN top5 curve: [98.6, 97.7, 96.73, 95.32]

2023-08-07 21:12:47,510 [trainer.py] => Average Accuracy (CNN): 85.00750000000001
2023-08-07 21:12:47,512 [trainer.py] => All params: 171751112
2023-08-07 21:12:47,514 [trainer.py] => Trainable params: 76900
2023-08-07 21:12:47,515 [l2p.py] => Learning on 40-50
2023-08-07 21:15:49,614 [l2p.py] => Task 4, Epoch 3/3 => Loss 0.463, Train_accy 85.60
2023-08-07 21:16:33,024 [trainer.py] => No NME accuracy.
2023-08-07 21:16:33,024 [trainer.py] => CNN: {'total': 77.14, '00-09': 80.0, '10-19': 68.1, '20-29': 84.5, '30-39': 72.5, '40-49': 80.6, 'old': 76.28, 'new': 80.6}
2023-08-07 21:16:33,024 [trainer.py] => CNN top1 curve: [92.2, 85.15, 83.43, 79.25, 77.14]
2023-08-07 21:16:33,024 [trainer.py] => CNN top5 curve: [98.6, 97.7, 96.73, 95.32, 94.32]

2023-08-07 21:16:33,024 [trainer.py] => Average Accuracy (CNN): 83.434
2023-08-07 21:16:33,026 [trainer.py] => All params: 171751112
2023-08-07 21:16:33,028 [trainer.py] => Trainable params: 76900
2023-08-07 21:16:33,028 [l2p.py] => Learning on 50-60
2023-08-07 21:19:44,158 [l2p.py] => Task 5, Epoch 3/3 => Loss 0.632, Train_accy 79.18
2023-08-07 21:20:39,484 [trainer.py] => No NME accuracy.
2023-08-07 21:20:39,484 [trainer.py] => CNN: {'total': 74.37, '00-09': 78.0, '10-19': 66.2, '20-29': 82.0, '30-39': 69.7, '40-49': 76.6, '50-59': 73.7, 'old': 74.5, 'new': 73.7}
2023-08-07 21:20:39,484 [trainer.py] => CNN top1 curve: [92.2, 85.15, 83.43, 79.25, 77.14, 74.37]
2023-08-07 21:20:39,484 [trainer.py] => CNN top5 curve: [98.6, 97.7, 96.73, 95.32, 94.32, 93.05]

2023-08-07 21:20:39,484 [trainer.py] => Average Accuracy (CNN): 81.92333333333333
2023-08-07 21:20:39,486 [trainer.py] => All params: 171751112
2023-08-07 21:20:39,487 [trainer.py] => Trainable params: 76900
2023-08-07 21:20:39,488 [l2p.py] => Learning on 60-70
2023-08-07 21:24:04,183 [l2p.py] => Task 6, Epoch 3/3 => Loss 0.452, Train_accy 85.72
2023-08-07 21:25:09,158 [trainer.py] => No NME accuracy.
2023-08-07 21:25:09,159 [trainer.py] => CNN: {'total': 73.67, '00-09': 75.7, '10-19': 63.8, '20-29': 81.4, '30-39': 68.2, '40-49': 75.7, '50-59': 69.0, '60-69': 81.9, 'old': 72.3, 'new': 81.9}
2023-08-07 21:25:09,159 [trainer.py] => CNN top1 curve: [92.2, 85.15, 83.43, 79.25, 77.14, 74.37, 73.67]
2023-08-07 21:25:09,159 [trainer.py] => CNN top5 curve: [98.6, 97.7, 96.73, 95.32, 94.32, 93.05, 92.67]

2023-08-07 21:25:09,159 [trainer.py] => Average Accuracy (CNN): 80.74428571428572
2023-08-07 21:25:09,162 [trainer.py] => All params: 171751112
2023-08-07 21:25:09,164 [trainer.py] => Trainable params: 76900
2023-08-07 21:25:09,164 [l2p.py] => Learning on 70-80
2023-08-07 21:28:38,262 [l2p.py] => Task 7, Epoch 3/3 => Loss 0.537, Train_accy 82.66
2023-08-07 21:29:49,735 [trainer.py] => No NME accuracy.
2023-08-07 21:29:49,736 [trainer.py] => CNN: {'total': 71.36, '00-09': 74.8, '10-19': 62.9, '20-29': 81.1, '30-39': 67.9, '40-49': 73.9, '50-59': 65.3, '60-69': 77.9, '70-79': 67.1, 'old': 71.97, 'new': 67.1}
2023-08-07 21:29:49,736 [trainer.py] => CNN top1 curve: [92.2, 85.15, 83.43, 79.25, 77.14, 74.37, 73.67, 71.36]
2023-08-07 21:29:49,736 [trainer.py] => CNN top5 curve: [98.6, 97.7, 96.73, 95.32, 94.32, 93.05, 92.67, 91.98]

2023-08-07 21:29:49,736 [trainer.py] => Average Accuracy (CNN): 79.57125
2023-08-07 21:29:49,738 [trainer.py] => All params: 171751112
2023-08-07 21:29:49,740 [trainer.py] => Trainable params: 76900
2023-08-07 21:29:49,740 [l2p.py] => Learning on 80-90
2023-08-07 21:33:31,126 [l2p.py] => Task 8, Epoch 3/3 => Loss 0.576, Train_accy 82.02
2023-08-07 21:34:53,710 [trainer.py] => No NME accuracy.
2023-08-07 21:34:53,710 [trainer.py] => CNN: {'total': 69.9, '00-09': 73.9, '10-19': 61.1, '20-29': 80.1, '30-39': 67.4, '40-49': 73.1, '50-59': 64.3, '60-69': 76.9, '70-79': 65.1, '80-89': 67.2, 'old': 70.24, 'new': 67.2}
2023-08-07 21:34:53,710 [trainer.py] => CNN top1 curve: [92.2, 85.15, 83.43, 79.25, 77.14, 74.37, 73.67, 71.36, 69.9]
2023-08-07 21:34:53,710 [trainer.py] => CNN top5 curve: [98.6, 97.7, 96.73, 95.32, 94.32, 93.05, 92.67, 91.98, 90.82]

2023-08-07 21:34:53,711 [trainer.py] => Average Accuracy (CNN): 78.49666666666667
2023-08-07 21:34:53,713 [trainer.py] => All params: 171751112
2023-08-07 21:34:53,715 [trainer.py] => Trainable params: 76900
2023-08-07 21:34:53,715 [l2p.py] => Learning on 90-100
2023-08-07 21:38:43,171 [l2p.py] => Task 9, Epoch 3/3 => Loss 0.556, Train_accy 82.34
2023-08-07 21:40:14,049 [trainer.py] => No NME accuracy.
2023-08-07 21:40:14,049 [trainer.py] => CNN: {'total': 69.44, '00-09': 72.4, '10-19': 60.8, '20-29': 79.0, '30-39': 67.0, '40-49': 72.3, '50-59': 63.4, '60-69': 75.4, '70-79': 64.0, '80-89': 66.9, '90-99': 73.2, 'old': 69.02, 'new': 73.2}
2023-08-07 21:40:14,049 [trainer.py] => CNN top1 curve: [92.2, 85.15, 83.43, 79.25, 77.14, 74.37, 73.67, 71.36, 69.9, 69.44]
2023-08-07 21:40:14,049 [trainer.py] => CNN top5 curve: [98.6, 97.7, 96.73, 95.32, 94.32, 93.05, 92.67, 91.98, 90.82, 90.19]

2023-08-07 21:40:14,050 [trainer.py] => Average Accuracy (CNN): 77.59100000000001
