2023-08-02 12:37:55,256 [trainer.py] => config: ./exps/finetune.json
2023-08-02 12:37:55,257 [trainer.py] => prefix: reproduce
2023-08-02 12:37:55,257 [trainer.py] => dataset: cifar100
2023-08-02 12:37:55,257 [trainer.py] => memory_size: 2000
2023-08-02 12:37:55,257 [trainer.py] => memory_per_class: 20
2023-08-02 12:37:55,257 [trainer.py] => fixed_memory: False
2023-08-02 12:37:55,257 [trainer.py] => shuffle: True
2023-08-02 12:37:55,257 [trainer.py] => init_cls: 10
2023-08-02 12:37:55,257 [trainer.py] => increment: 10
2023-08-02 12:37:55,257 [trainer.py] => model_name: finetune
2023-08-02 12:37:55,257 [trainer.py] => convnet_type: resnet32
2023-08-02 12:37:55,257 [trainer.py] => device: [device(type='cuda', index=0), device(type='cuda', index=1), device(type='cuda', index=2), device(type='cuda', index=3)]
2023-08-02 12:37:55,257 [trainer.py] => seed: 1993
2023-08-02 12:38:38,183 [trainer.py] => config: ./exps/finetune.json
2023-08-02 12:38:38,183 [trainer.py] => prefix: reproduce
2023-08-02 12:38:38,183 [trainer.py] => dataset: cifar100
2023-08-02 12:38:38,183 [trainer.py] => memory_size: 2000
2023-08-02 12:38:38,183 [trainer.py] => memory_per_class: 20
2023-08-02 12:38:38,183 [trainer.py] => fixed_memory: False
2023-08-02 12:38:38,184 [trainer.py] => shuffle: True
2023-08-02 12:38:38,184 [trainer.py] => init_cls: 10
2023-08-02 12:38:38,184 [trainer.py] => increment: 10
2023-08-02 12:38:38,184 [trainer.py] => model_name: finetune
2023-08-02 12:38:38,184 [trainer.py] => convnet_type: resnet32
2023-08-02 12:38:38,184 [trainer.py] => device: [device(type='cuda', index=0), device(type='cuda', index=1), device(type='cuda', index=2), device(type='cuda', index=3)]
2023-08-02 12:38:38,184 [trainer.py] => seed: 1993
2023-08-02 12:38:39,141 [data_manager.py] => [68, 56, 78, 8, 23, 84, 90, 65, 74, 76, 40, 89, 3, 92, 55, 9, 26, 80, 43, 38, 58, 70, 77, 1, 85, 19, 17, 50, 28, 53, 13, 81, 45, 82, 6, 59, 83, 16, 15, 44, 91, 41, 72, 60, 79, 52, 20, 10, 31, 54, 37, 95, 14, 71, 96, 98, 97, 2, 64, 66, 42, 22, 35, 86, 24, 34, 87, 21, 99, 0, 88, 27, 18, 94, 11, 12, 47, 25, 30, 46, 62, 69, 36, 61, 7, 63, 75, 5, 32, 4, 51, 48, 73, 93, 39, 67, 29, 49, 57, 33]
2023-08-02 12:39:11,138 [trainer.py] => config: ./exps/finetune.json
2023-08-02 12:39:11,138 [trainer.py] => prefix: reproduce
2023-08-02 12:39:11,138 [trainer.py] => dataset: cifar100
2023-08-02 12:39:11,138 [trainer.py] => memory_size: 2000
2023-08-02 12:39:11,138 [trainer.py] => memory_per_class: 20
2023-08-02 12:39:11,138 [trainer.py] => fixed_memory: False
2023-08-02 12:39:11,138 [trainer.py] => shuffle: True
2023-08-02 12:39:11,138 [trainer.py] => init_cls: 10
2023-08-02 12:39:11,138 [trainer.py] => increment: 10
2023-08-02 12:39:11,138 [trainer.py] => model_name: finetune
2023-08-02 12:39:11,138 [trainer.py] => convnet_type: resnet32
2023-08-02 12:39:11,138 [trainer.py] => device: [device(type='cuda', index=0), device(type='cuda', index=1), device(type='cuda', index=2), device(type='cuda', index=3)]
2023-08-02 12:39:11,138 [trainer.py] => seed: 1993
2023-08-02 12:39:12,095 [data_manager.py] => [68, 56, 78, 8, 23, 84, 90, 65, 74, 76, 40, 89, 3, 92, 55, 9, 26, 80, 43, 38, 58, 70, 77, 1, 85, 19, 17, 50, 28, 53, 13, 81, 45, 82, 6, 59, 83, 16, 15, 44, 91, 41, 72, 60, 79, 52, 20, 10, 31, 54, 37, 95, 14, 71, 96, 98, 97, 2, 64, 66, 42, 22, 35, 86, 24, 34, 87, 21, 99, 0, 88, 27, 18, 94, 11, 12, 47, 25, 30, 46, 62, 69, 36, 61, 7, 63, 75, 5, 32, 4, 51, 48, 73, 93, 39, 67, 29, 49, 57, 33]
